2025-09-04 21:59:19,543 - INFO - 🔄 بدء مزامنة الصور...
2025-09-04 21:59:19,753 - INFO - ✅ تمت المزامنة بنجاح! تم مزامنة 0 ملف
2025-09-04 22:00:08,148 - INFO - 🔄 بدء مزامنة الصور...
2025-09-04 22:00:08,365 - INFO - ✅ تمت المزامنة بنجاح! تم مزامنة 0 ملف
2025-09-04 22:01:35,308 - INFO - 🔄 بدء مزامنة الصور...
2025-09-04 22:01:35,420 - INFO - 📁 نسخ: b44a895fad9e482cb0ecf3ca4ef0c733_IMG_9626.JPG → web
2025-09-04 22:01:35,512 - INFO - ✅ تمت المزامنة بنجاح! تم مزامنة 1 ملف
2025-09-04 22:26:15,118 - INFO - 🔄 بدء مزامنة الصور...
2025-09-04 22:26:15,337 - INFO - ✅ تمت المزامنة بنجاح! تم مزامنة 0 ملف
2025-09-05 19:17:42,757 - INFO - 🔄 بدء مزامنة الصور...
2025-09-05 19:17:42,836 - INFO - 📁 نسخ: 8ac664368cf943b3a703f4fc7cd538c6_986D8D6B-A6D2-484E-B489-6496F5F54BA6.jpeg → web
2025-09-05 19:17:42,870 - INFO - 📁 نسخ: e98aa1f47d7b4136bc66f60dc09e4217_986D8D6B-A6D2-484E-B489-6496F5F54BA6.jpeg → web
2025-09-05 19:17:42,883 - INFO - 📁 نسخ: 9eeb2dc019264349beb5ce81554c79aa_IMG_0149.jpeg → web
2025-09-05 19:17:42,888 - INFO - 📁 نسخ: cfbaa8d0743d426e938654ef2ff87b49_BD384DD4-520B-4009-A7D1-B2F2C7992AE2.jpeg → web
2025-09-05 19:17:42,892 - INFO - 📁 نسخ: 4a73937f656f4427a502d7b8b5e6442f_BD384DD4-520B-4009-A7D1-B2F2C7992AE2.jpeg → web
2025-09-05 19:17:43,181 - INFO - ✅ تمت المزامنة بنجاح! تم مزامنة 5 ملف
2025-09-05 19:18:23,595 - INFO - 🔄 بدء مزامنة الصور...
2025-09-05 19:18:24,064 - INFO - ✅ تمت المزامنة بنجاح! تم مزامنة 0 ملف
2025-09-05 20:31:02,764 - INFO - 🔄 بدء مزامنة الصور...
2025-09-05 20:31:02,876 - INFO - 📁 نسخ: d07e6a95de384420bbdc06289c73d92a_BD384DD4-520B-4009-A7D1-B2F2C7992AE2.jpeg → web
2025-09-05 20:31:02,901 - INFO - 📁 نسخ: 832450b64ea1481db3d4250f4a7110e3_986D8D6B-A6D2-484E-B489-6496F5F54BA6.jpeg → web
2025-09-05 20:31:03,273 - INFO - ✅ تمت المزامنة بنجاح! تم مزامنة 2 ملف
2025-09-05 23:02:23,321 - INFO - 🔄 بدء مزامنة الصور...
2025-09-05 23:02:23,895 - INFO - ✅ تمت المزامنة بنجاح! تم مزامنة 0 ملف
2025-09-07 08:11:44,720 - INFO - 🔄 بدء مزامنة الصور...
2025-09-07 08:11:45,174 - INFO - 📁 نسخ: 8ac664368cf943b3a703f4fc7cd538c6_986D8D6B-A6D2-484E-B489-6496F5F54BA6.jpeg → admin-app
2025-09-07 08:11:45,199 - INFO - 📁 نسخ: d07e6a95de384420bbdc06289c73d92a_BD384DD4-520B-4009-A7D1-B2F2C7992AE2.jpeg → admin-app
2025-09-07 08:11:45,222 - INFO - 📁 نسخ: e98aa1f47d7b4136bc66f60dc09e4217_986D8D6B-A6D2-484E-B489-6496F5F54BA6.jpeg → admin-app
2025-09-07 08:11:45,228 - INFO - 📁 نسخ: 832450b64ea1481db3d4250f4a7110e3_986D8D6B-A6D2-484E-B489-6496F5F54BA6.jpeg → admin-app
2025-09-07 08:11:45,255 - INFO - 📁 نسخ: 9eeb2dc019264349beb5ce81554c79aa_IMG_0149.jpeg → admin-app
2025-09-07 08:11:45,259 - INFO - 📁 نسخ: cfbaa8d0743d426e938654ef2ff87b49_BD384DD4-520B-4009-A7D1-B2F2C7992AE2.jpeg → admin-app
2025-09-07 08:11:45,288 - INFO - 📁 نسخ: 4a73937f656f4427a502d7b8b5e6442f_BD384DD4-520B-4009-A7D1-B2F2C7992AE2.jpeg → admin-app
2025-09-07 08:11:45,330 - INFO - 📁 نسخ: 4ec902abbace4d82ab1351d62ab83757_IMG_9406.JPG → admin-app
2025-09-07 08:11:45,432 - INFO - 📁 نسخ: b44a895fad9e482cb0ecf3ca4ef0c733_IMG_9626.JPG → admin-app
2025-09-07 08:11:45,432 - INFO - ✅ تمت المزامنة بنجاح! تم مزامنة 9 ملف
